<?xml version="1.0" encoding="UTF-8"?>
<!-- Generated by org.testng.reporters.JUnitXMLReporter -->
<testsuite ignored="0" hostname="DESKTOP-1LGJ23L" failures="1" tests="1" name="tests" time="10.476" errors="0" timestamp="2025-01-02T15:50:34 EST">
  <testcase classname="testCases.Tc3_LoginDDT" name="Verify_loginDDT" time="0.0">
    <failure type="org.testng.TestNGException" message="
Method public void testCases.Tc3_LoginDDT.Verify_loginDDT(java.lang.String,java.lang.String,java.lang.String) requires a @DataProvider named : logindata in class utilities.DataProviders">
      <![CDATA[org.testng.TestNGException: 
Method public void testCases.Tc3_LoginDDT.Verify_loginDDT(java.lang.String,java.lang.String,java.lang.String) requires a @DataProvider named : logindata in class utilities.DataProviders
at java.base/java.util.ArrayList.forEach(ArrayList.java:1597)
... Removed 28 stack frames]]>
    </failure>
  </testcase> <!-- Verify_loginDDT -->
</testsuite> <!-- tests -->
