<?xml version="1.0" encoding="UTF-8"?>
<testng-results ignored="0" total="1" passed="0" failed="1" skipped="0">
  <reporter-output>
  </reporter-output>
  <suite started-at="2025-01-02T15:50:23 EST" name="Master Suite" finished-at="2025-01-02T15:50:34 EST" duration-ms="10476">
    <groups>
      <group name="Datadriven">
        <method signature="Tc3_LoginDDT.Verify_loginDDT(java.lang.String,java.lang.String,java.lang.String)[pri:0, instance:testCases.Tc3_LoginDDT@a4add54]" name="Verify_loginDDT" class="testCases.Tc3_LoginDDT"/>
      </group> <!-- Datadriven -->
    </groups>
    <test started-at="2025-01-02T15:50:23 EST" name="tests" finished-at="2025-01-02T15:50:34 EST" duration-ms="10476">
      <class name="testCases.Tc3_LoginDDT">
        <test-method is-config="true" signature="setup(java.lang.String,java.lang.String)[pri:0, instance:testCases.Tc3_LoginDDT@a4add54]" started-at="2025-01-02T15:50:23 EST" name="setup" finished-at="2025-01-02T15:50:34 EST" duration-ms="10086" status="PASS">
          <params>
            <param index="0">
              <value>
                <![CDATA[Windows]]>
              </value>
            </param>
            <param index="1">
              <value>
                <![CDATA[chrome]]>
              </value>
            </param>
          </params>
          <reporter-output>
          </reporter-output>
        </test-method> <!-- setup -->
        <test-method signature="Verify_loginDDT(java.lang.String,java.lang.String,java.lang.String)[pri:0, instance:testCases.Tc3_LoginDDT@a4add54]" started-at="2025-01-02T15:50:34 EST" name="Verify_loginDDT" finished-at="2025-01-02T15:50:34 EST" duration-ms="0" status="FAIL">
          <exception class="org.testng.TestNGException">
            <message>
              <![CDATA[
Method public void testCases.Tc3_LoginDDT.Verify_loginDDT(java.lang.String,java.lang.String,java.lang.String) requires a @DataProvider named : logindata in class utilities.DataProviders]]>
            </message>
            <full-stacktrace>
              <![CDATA[org.testng.TestNGException: 
Method public void testCases.Tc3_LoginDDT.Verify_loginDDT(java.lang.String,java.lang.String,java.lang.String) requires a @DataProvider named : logindata in class utilities.DataProviders
at org.testng.internal.Parameters.findDataProvider(Parameters.java:532)
at org.testng.internal.Parameters.handleParameters(Parameters.java:769)
at org.testng.internal.Parameters.handleParameters(Parameters.java:734)
at org.testng.internal.invokers.ParameterHandler.handleParameters(ParameterHandler.java:72)
at org.testng.internal.invokers.ParameterHandler.createParameters(ParameterHandler.java:51)
at org.testng.internal.invokers.TestInvoker$MethodInvocationAgent.invoke(TestInvoker.java:946)
at org.testng.internal.invokers.TestInvoker.invokeTestMethods(TestInvoker.java:203)
at org.testng.internal.invokers.TestMethodWorker.invokeTestMethods(TestMethodWorker.java:154)
at org.testng.internal.invokers.TestMethodWorker.run(TestMethodWorker.java:134)
at java.base/java.util.ArrayList.forEach(ArrayList.java:1597)
at org.testng.TestRunner.privateRun(TestRunner.java:739)
at org.testng.TestRunner.run(TestRunner.java:614)
at org.testng.SuiteRunner.runTest(SuiteRunner.java:421)
at org.testng.SuiteRunner.runSequentially(SuiteRunner.java:413)
at org.testng.SuiteRunner.privateRun(SuiteRunner.java:373)
at org.testng.SuiteRunner.run(SuiteRunner.java:312)
at org.testng.SuiteRunnerWorker.runSuite(SuiteRunnerWorker.java:52)
at org.testng.SuiteRunnerWorker.run(SuiteRunnerWorker.java:95)
at org.testng.TestNG.runSuitesSequentially(TestNG.java:1274)
at org.testng.TestNG.runSuitesLocally(TestNG.java:1208)
at org.testng.TestNG.runSuites(TestNG.java:1112)
at org.testng.TestNG.run(TestNG.java:1079)
at org.apache.maven.surefire.testng.TestNGExecutor.run(TestNGExecutor.java:308)
at org.apache.maven.surefire.testng.TestNGXmlTestSuite.execute(TestNGXmlTestSuite.java:71)
at org.apache.maven.surefire.testng.TestNGProvider.invoke(TestNGProvider.java:113)
at org.apache.maven.surefire.booter.ForkedBooter.runSuitesInProcess(ForkedBooter.java:385)
at org.apache.maven.surefire.booter.ForkedBooter.execute(ForkedBooter.java:162)
at org.apache.maven.surefire.booter.ForkedBooter.run(ForkedBooter.java:507)
at org.apache.maven.surefire.booter.ForkedBooter.main(ForkedBooter.java:495)
]]>
            </full-stacktrace>
          </exception> <!-- org.testng.TestNGException -->
          <reporter-output>
          </reporter-output>
        </test-method> <!-- Verify_loginDDT -->
        <test-method is-config="true" signature="teardown()[pri:0, instance:testCases.Tc3_LoginDDT@a4add54]" started-at="2025-01-02T15:50:34 EST" name="teardown" finished-at="2025-01-02T15:50:34 EST" duration-ms="303" status="PASS">
          <reporter-output>
          </reporter-output>
        </test-method> <!-- teardown -->
      </class> <!-- testCases.Tc3_LoginDDT -->
    </test> <!-- tests -->
  </suite> <!-- Master Suite -->
</testng-results>
